# JRE version: OpenJDK Runtime Environment Microsoft-12574423 (17.0.17+10) (build 17.0.17+10-LTS)
# Java VM: OpenJDK 64-Bit Server VM Microsoft-12574423 (17.0.17+10-LTS, mixed mode, sharing, tiered, compressed oops, compressed class ptrs, g1 gc, windows-amd64)
GC Precious Log:
 CPUs: 8 total, 8 available
 Memory: 7973M
 Large Page Support: Disabled
 NUMA Support: Disabled
 Compressed Oops: Enabled (32-bit)
 Heap Region Size: 1M
 Heap Min Capacity: 8M
 Heap Initial Capacity: 126M
 Heap Max Capacity: 1994M
 Pre-touch: Disabled
 Parallel Workers: 8
 Concurrent Workers: 2
 Concurrent Refinement Workers: 8
 Periodic GC: Disabled
Heap:
 garbage-first heap   total 70656K, used 33478K [0x0000000083600000, 0x0000000100000000)
  region size 1024K, 4 young (4096K), 4 survivors (4096K)
 Metaspace       used 25122K, committed 25344K, reserved 1114112K
  class space    used 2717K, committed 2816K, reserved 1048576K
GC Heap History (20 events):
Event: 9.489 GC heap after
{Heap after GC invocations=13 (full 0):
 garbage-first heap   total 48128K, used 20145K [0x0000000083600000, 0x0000000100000000)
  region size 1024K, 3 young (3072K), 3 survivors (3072K)
 Metaspace       used 25081K, committed 25280K, reserved 1114112K
  class space    used 2717K, committed 2816K, reserved 1048576K
}
Event: 9.575 GC heap before
{Heap before GC invocations=13 (full 0):
 garbage-first heap   total 48128K, used 35505K [0x0000000083600000, 0x0000000100000000)
  region size 1024K, 19 young (19456K), 3 survivors (3072K)
 Metaspace       used 25091K, committed 25280K, reserved 1114112K
  class space    used 2717K, committed 2816K, reserved 1048576K
}
Event: 9.576 GC heap after
{Heap after GC invocations=14 (full 0):
 garbage-first heap   total 48128K, used 21429K [0x0000000083600000, 0x0000000100000000)
  region size 1024K, 3 young (3072K), 3 survivors (3072K)
 Metaspace       used 25091K, committed 25280K, reserved 1114112K
  class space    used 2717K, committed 2816K, reserved 1048576K
}
Event: 9.651 GC heap before
{Heap before GC invocations=14 (full 0):
 garbage-first heap   total 48128K, used 35765K [0x0000000083600000, 0x0000000100000000)
  region size 1024K, 18 young (18432K), 3 survivors (3072K)
 Metaspace       used 25102K, committed 25280K, reserved 1114112K
  class space    used 2717K, committed 2816K, reserved 1048576K
}
Event: 9.652 GC heap after
{Heap after GC invocations=15 (full 0):
 garbage-first heap   total 58368K, used 21971K [0x0000000083600000, 0x0000000100000000)
  region size 1024K, 2 young (2048K), 2 survivors (2048K)
 Metaspace       used 25102K, committed 25280K, reserved 1114112K
  class space    used 2717K, committed 2816K, reserved 1048576K
}
Event: 9.752 GC heap before
{Heap before GC invocations=15 (full 0):
 garbage-first heap   total 58368K, used 45523K [0x0000000083600000, 0x0000000100000000)
  region size 1024K, 26 young (26624K), 2 survivors (2048K)
 Metaspace       used 25105K, committed 25280K, reserved 1114112K
  class space    used 2717K, committed 2816K, reserved 1048576K
}
Event: 9.754 GC heap after
{Heap after GC invocations=16 (full 0):
 garbage-first heap   total 58368K, used 23731K [0x0000000083600000, 0x0000000100000000)
  region size 1024K, 4 young (4096K), 4 survivors (4096K)
 Metaspace       used 25105K, committed 25280K, reserved 1114112K
  class space    used 2717K, committed 2816K, reserved 1048576K
}
Event: 9.854 GC heap before
{Heap before GC invocations=16 (full 0):
 garbage-first heap   total 58368K, used 45235K [0x0000000083600000, 0x0000000100000000)
  region size 1024K, 26 young (26624K), 4 survivors (4096K)
 Metaspace       used 25105K, committed 25280K, reserved 1114112K
  class space    used 2717K, committed 2816K, reserved 1048576K
}
Event: 9.855 GC heap after
{Heap after GC invocations=17 (full 0):
 garbage-first heap   total 58368K, used 25519K [0x0000000083600000, 0x0000000100000000)
  region size 1024K, 4 young (4096K), 4 survivors (4096K)
 Metaspace       used 25105K, committed 25280K, reserved 1114112K
  class space    used 2717K, committed 2816K, reserved 1048576K
}
Event: 9.928 GC heap before
{Heap before GC invocations=17 (full 0):
 garbage-first heap   total 58368K, used 45999K [0x0000000083600000, 0x0000000100000000)
  region size 1024K, 24 young (24576K), 4 survivors (4096K)
 Metaspace       used 25111K, committed 25344K, reserved 1114112K
  class space    used 2717K, committed 2816K, reserved 1048576K
}
Event: 9.929 GC heap after
{Heap after GC invocations=18 (full 0):
 garbage-first heap   total 58368K, used 27311K [0x0000000083600000, 0x0000000100000000)
  region size 1024K, 2 young (2048K), 2 survivors (2048K)
 Metaspace       used 25111K, committed 25344K, reserved 1114112K
  class space    used 2717K, committed 2816K, reserved 1048576K
}
Event: 9.988 GC heap before
{Heap before GC invocations=18 (full 0):
 garbage-first heap   total 58368K, used 44719K [0x0000000083600000, 0x0000000100000000)
  region size 1024K, 20 young (20480K), 2 survivors (2048K)
 Metaspace       used 25114K, committed 25344K, reserved 1114112K
  class space    used 2717K, committed 2816K, reserved 1048576K
}
Event: 9.989 GC heap after
{Heap after GC invocations=19 (full 0):
 garbage-first heap   total 70656K, used 28479K [0x0000000083600000, 0x0000000100000000)
  region size 1024K, 3 young (3072K), 3 survivors (3072K)
 Metaspace       used 25114K, committed 25344K, reserved 1114112K
  class space    used 2717K, committed 2816K, reserved 1048576K
}
Event: 10.111 GC heap before
{Heap before GC invocations=20 (full 0):
 garbage-first heap   total 70656K, used 55103K [0x0000000083600000, 0x0000000100000000)
  region size 1024K, 30 young (30720K), 3 survivors (3072K)
 Metaspace       used 25116K, committed 25344K, reserved 1114112K
  class space    used 2717K, committed 2816K, reserved 1048576K
}
Event: 10.112 GC heap after
{Heap after GC invocations=21 (full 0):
 garbage-first heap   total 70656K, used 29873K [0x0000000083600000, 0x0000000100000000)
  region size 1024K, 3 young (3072K), 3 survivors (3072K)
 Metaspace       used 25116K, committed 25344K, reserved 1114112K
  class space    used 2717K, committed 2816K, reserved 1048576K
}
Event: 10.113 GC heap before
{Heap before GC invocations=21 (full 0):
 garbage-first heap   total 70656K, used 30897K [0x0000000083600000, 0x0000000100000000)
  region size 1024K, 4 young (4096K), 3 survivors (3072K)
 Metaspace       used 25116K, committed 25344K, reserved 1114112K
  class space    used 2717K, committed 2816K, reserved 1048576K
}
Event: 10.114 GC heap after
{Heap after GC invocations=22 (full 0):
 garbage-first heap   total 70656K, used 30152K [0x0000000083600000, 0x0000000100000000)
  region size 1024K, 1 young (1024K), 1 survivors (1024K)
 Metaspace       used 25116K, committed 25344K, reserved 1114112K
  class space    used 2717K, committed 2816K, reserved 1048576K
}
Event: 10.225 GC heap before
{Heap before GC invocations=22 (full 0):
 garbage-first heap   total 70656K, used 54728K [0x0000000083600000, 0x0000000100000000)
  region size 1024K, 26 young (26624K), 1 survivors (1024K)
 Metaspace       used 25118K, committed 25344K, reserved 1114112K
  class space    used 2717K, committed 2816K, reserved 1048576K
}
Event: 10.226 GC heap after
{Heap after GC invocations=23 (full 0):
 garbage-first heap   total 70656K, used 31720K [0x0000000083600000, 0x0000000100000000)
  region size 1024K, 2 young (2048K), 2 survivors (2048K)
 Metaspace       used 25118K, committed 25344K, reserved 1114112K
  class space    used 2717K, committed 2816K, reserved 1048576K
}
Event: 10.392 GC heap before
{Heap before GC invocations=23 (full 0):
 garbage-first heap   total 70656K, used 55272K [0x0000000083600000, 0x0000000100000000)
  region size 1024K, 26 young (26624K), 2 survivors (2048K)
 Metaspace       used 25122K, committed 25344K, reserved 1114112K
  class space    used 2717K, committed 2816K, reserved 1048576K
}

