# JRE version: OpenJDK Runtime Environment Microsoft-12574423 (17.0.17+10) (build 17.0.17+10-LTS)
# Java VM: OpenJDK 64-Bit Server VM Microsoft-12574423 (17.0.17+10-LTS, mixed mode, sharing, tiered, compressed oops, compressed class ptrs, g1 gc, windows-amd64)
GC Precious Log:
 CPUs: 8 total, 8 available
 Memory: 7973M
 Large Page Support: Disabled
 NUMA Support: Disabled
 Compressed Oops: Enabled (32-bit)
 Heap Region Size: 1M
 Heap Min Capacity: 8M
 Heap Initial Capacity: 126M
 Heap Max Capacity: 1994M
 Pre-touch: Disabled
 Parallel Workers: 8
 Concurrent Workers: 2
 Concurrent Refinement Workers: 8
 Periodic GC: Disabled
Heap:
 garbage-first heap   total 55296K, used 36023K [0x0000000083600000, 0x0000000100000000)
  region size 1024K, 20 young (20480K), 3 survivors (3072K)
 Metaspace       used 25808K, committed 26112K, reserved 1114112K
  class space    used 2892K, committed 3008K, reserved 1048576K
GC Heap History (20 events):
Event: 5.258 GC heap before
{Heap before GC invocations=2 (full 0):
 garbage-first heap   total 129024K, used 77959K [0x0000000083600000, 0x0000000100000000)
  region size 1024K, 71 young (72704K), 5 survivors (5120K)
 Metaspace       used 14386K, committed 14592K, reserved 1114112K
  class space    used 1944K, committed 2048K, reserved 1048576K
}
Event: 5.263 GC heap after
{Heap after GC invocations=3 (full 0):
 garbage-first heap   total 129024K, used 12773K [0x0000000083600000, 0x0000000100000000)
  region size 1024K, 2 young (2048K), 2 survivors (2048K)
 Metaspace       used 14386K, committed 14592K, reserved 1114112K
  class space    used 1944K, committed 2048K, reserved 1048576K
}
Event: 5.560 GC heap before
{Heap before GC invocations=3 (full 0):
 garbage-first heap   total 129024K, used 87525K [0x0000000083600000, 0x0000000100000000)
  region size 1024K, 75 young (76800K), 2 survivors (2048K)
 Metaspace       used 14397K, committed 14656K, reserved 1114112K
  class space    used 1944K, committed 2048K, reserved 1048576K
}
Event: 5.561 GC heap after
{Heap after GC invocations=4 (full 0):
 garbage-first heap   total 129024K, used 12470K [0x0000000083600000, 0x0000000100000000)
  region size 1024K, 1 young (1024K), 1 survivors (1024K)
 Metaspace       used 14397K, committed 14656K, reserved 1114112K
  class space    used 1944K, committed 2048K, reserved 1048576K
}
Event: 5.933 GC heap before
{Heap before GC invocations=4 (full 0):
 garbage-first heap   total 129024K, used 93366K [0x0000000083600000, 0x0000000100000000)
  region size 1024K, 75 young (76800K), 1 survivors (1024K)
 Metaspace       used 18800K, committed 19072K, reserved 1114112K
  class space    used 1986K, committed 2112K, reserved 1048576K
}
Event: 5.934 GC heap after
{Heap after GC invocations=5 (full 0):
 garbage-first heap   total 129024K, used 12616K [0x0000000083600000, 0x0000000100000000)
  region size 1024K, 2 young (2048K), 2 survivors (2048K)
 Metaspace       used 18800K, committed 19072K, reserved 1114112K
  class space    used 1986K, committed 2112K, reserved 1048576K
}
Event: 6.889 GC heap before
{Heap before GC invocations=5 (full 0):
 garbage-first heap   total 129024K, used 87368K [0x0000000083600000, 0x0000000100000000)
  region size 1024K, 75 young (76800K), 2 survivors (2048K)
 Metaspace       used 21132K, committed 21376K, reserved 1114112K
  class space    used 2268K, committed 2368K, reserved 1048576K
}
Event: 6.891 GC heap after
{Heap after GC invocations=6 (full 0):
 garbage-first heap   total 129024K, used 12963K [0x0000000083600000, 0x0000000100000000)
  region size 1024K, 2 young (2048K), 2 survivors (2048K)
 Metaspace       used 21132K, committed 21376K, reserved 1114112K
  class space    used 2268K, committed 2368K, reserved 1048576K
}
Event: 6.968 GC heap before
{Heap before GC invocations=6 (full 0):
 garbage-first heap   total 129024K, used 13987K [0x0000000083600000, 0x0000000100000000)
  region size 1024K, 4 young (4096K), 2 survivors (2048K)
 Metaspace       used 21308K, committed 21504K, reserved 1114112K
  class space    used 2291K, committed 2368K, reserved 1048576K
}
Event: 6.969 GC heap after
{Heap after GC invocations=7 (full 0):
 garbage-first heap   total 129024K, used 13166K [0x0000000083600000, 0x0000000100000000)
  region size 1024K, 2 young (2048K), 2 survivors (2048K)
 Metaspace       used 21308K, committed 21504K, reserved 1114112K
  class space    used 2291K, committed 2368K, reserved 1048576K
}
Event: 7.944 GC heap before
{Heap before GC invocations=8 (full 0):
 garbage-first heap   total 55296K, used 43886K [0x0000000083600000, 0x0000000100000000)
  region size 1024K, 32 young (32768K), 2 survivors (2048K)
 Metaspace       used 24625K, committed 24832K, reserved 1114112K
  class space    used 2642K, committed 2752K, reserved 1048576K
}
Event: 7.946 GC heap after
{Heap after GC invocations=9 (full 0):
 garbage-first heap   total 55296K, used 14725K [0x0000000083600000, 0x0000000100000000)
  region size 1024K, 4 young (4096K), 4 survivors (4096K)
 Metaspace       used 24625K, committed 24832K, reserved 1114112K
  class space    used 2642K, committed 2752K, reserved 1048576K
}
Event: 8.129 GC heap before
{Heap before GC invocations=9 (full 0):
 garbage-first heap   total 55296K, used 41349K [0x0000000083600000, 0x0000000100000000)
  region size 1024K, 31 young (31744K), 4 survivors (4096K)
 Metaspace       used 24631K, committed 24832K, reserved 1114112K
  class space    used 2642K, committed 2752K, reserved 1048576K
}
Event: 8.132 GC heap after
{Heap after GC invocations=10 (full 0):
 garbage-first heap   total 55296K, used 15941K [0x0000000083600000, 0x0000000100000000)
  region size 1024K, 4 young (4096K), 4 survivors (4096K)
 Metaspace       used 24631K, committed 24832K, reserved 1114112K
  class space    used 2642K, committed 2752K, reserved 1048576K
}
Event: 8.268 GC heap before
{Heap before GC invocations=10 (full 0):
 garbage-first heap   total 55296K, used 41541K [0x0000000083600000, 0x0000000100000000)
  region size 1024K, 30 young (30720K), 4 survivors (4096K)
 Metaspace       used 24647K, committed 24896K, reserved 1114112K
  class space    used 2642K, committed 2752K, reserved 1048576K
}
Event: 8.270 GC heap after
{Heap after GC invocations=11 (full 0):
 garbage-first heap   total 55296K, used 17904K [0x0000000083600000, 0x0000000100000000)
  region size 1024K, 4 young (4096K), 4 survivors (4096K)
 Metaspace       used 24647K, committed 24896K, reserved 1114112K
  class space    used 2642K, committed 2752K, reserved 1048576K
}
Event: 8.411 GC heap before
{Heap before GC invocations=11 (full 0):
 garbage-first heap   total 55296K, used 40432K [0x0000000083600000, 0x0000000100000000)
  region size 1024K, 27 young (27648K), 4 survivors (4096K)
 Metaspace       used 24659K, committed 24896K, reserved 1114112K
  class space    used 2642K, committed 2752K, reserved 1048576K
}
Event: 8.412 GC heap after
{Heap after GC invocations=12 (full 0):
 garbage-first heap   total 55296K, used 19639K [0x0000000083600000, 0x0000000100000000)
  region size 1024K, 4 young (4096K), 4 survivors (4096K)
 Metaspace       used 24659K, committed 24896K, reserved 1114112K
  class space    used 2642K, committed 2752K, reserved 1048576K
}
Event: 8.532 GC heap before
{Heap before GC invocations=12 (full 0):
 garbage-first heap   total 55296K, used 41143K [0x0000000083600000, 0x0000000100000000)
  region size 1024K, 26 young (26624K), 4 survivors (4096K)
 Metaspace       used 24663K, committed 24896K, reserved 1114112K
  class space    used 2642K, committed 2752K, reserved 1048576K
}
Event: 8.533 GC heap after
{Heap after GC invocations=13 (full 0):
 garbage-first heap   total 55296K, used 20663K [0x0000000083600000, 0x0000000100000000)
  region size 1024K, 3 young (3072K), 3 survivors (3072K)
 Metaspace       used 24663K, committed 24896K, reserved 1114112K
  class space    used 2642K, committed 2752K, reserved 1048576K
}

