# JRE version: OpenJDK Runtime Environment Microsoft-12574423 (17.0.17+10) (build 17.0.17+10-LTS)
# Java VM: OpenJDK 64-Bit Server VM Microsoft-12574423 (17.0.17+10-LTS, mixed mode, sharing, tiered, compressed oops, compressed class ptrs, g1 gc, windows-amd64)
GC Precious Log:
 CPUs: 8 total, 8 available
 Memory: 7973M
 Large Page Support: Disabled
 NUMA Support: Disabled
 Compressed Oops: Enabled (32-bit)
 Heap Region Size: 1M
 Heap Min Capacity: 8M
 Heap Initial Capacity: 126M
 Heap Max Capacity: 1994M
 Pre-touch: Disabled
 Parallel Workers: 8
 Concurrent Workers: 2
 Concurrent Refinement Workers: 8
 Periodic GC: Disabled
Heap:
 garbage-first heap   total 163840K, used 33160K [0x0000000083600000, 0x0000000100000000)
  region size 1024K, 4 young (4096K), 4 survivors (4096K)
 Metaspace       used 30550K, committed 30784K, reserved 1114112K
  class space    used 3603K, committed 3712K, reserved 1048576K
GC Heap History (20 events):
Event: 7.683 GC heap after
{Heap after GC invocations=9 (full 0):
 garbage-first heap   total 81920K, used 18773K [0x0000000083600000, 0x0000000100000000)
  region size 1024K, 1 young (1024K), 1 survivors (1024K)
 Metaspace       used 24338K, committed 24576K, reserved 1114112K
  class space    used 2947K, committed 3072K, reserved 1048576K
}
Event: 8.009 GC heap before
{Heap before GC invocations=9 (full 0):
 garbage-first heap   total 81920K, used 64853K [0x0000000083600000, 0x0000000100000000)
  region size 1024K, 46 young (47104K), 1 survivors (1024K)
 Metaspace       used 24447K, committed 24704K, reserved 1114112K
  class space    used 2948K, committed 3072K, reserved 1048576K
}
Event: 8.011 GC heap after
{Heap after GC invocations=10 (full 0):
 garbage-first heap   total 163840K, used 18640K [0x0000000083600000, 0x0000000100000000)
  region size 1024K, 1 young (1024K), 1 survivors (1024K)
 Metaspace       used 24447K, committed 24704K, reserved 1114112K
  class space    used 2948K, committed 3072K, reserved 1048576K
}
Event: 9.467 GC heap before
{Heap before GC invocations=11 (full 0):
 garbage-first heap   total 78848K, used 78032K [0x0000000083600000, 0x0000000100000000)
  region size 1024K, 59 young (60416K), 1 survivors (1024K)
 Metaspace       used 30324K, committed 30592K, reserved 1114112K
  class space    used 3602K, committed 3712K, reserved 1048576K
}
Event: 9.471 GC heap after
{Heap after GC invocations=12 (full 0):
 garbage-first heap   total 81920K, used 20483K [0x0000000083600000, 0x0000000100000000)
  region size 1024K, 3 young (3072K), 3 survivors (3072K)
 Metaspace       used 30324K, committed 30592K, reserved 1114112K
  class space    used 3602K, committed 3712K, reserved 1048576K
}
Event: 9.472 GC heap before
{Heap before GC invocations=12 (full 0):
 garbage-first heap   total 81920K, used 21507K [0x0000000083600000, 0x0000000100000000)
  region size 1024K, 4 young (4096K), 3 survivors (3072K)
 Metaspace       used 30324K, committed 30592K, reserved 1114112K
  class space    used 3602K, committed 3712K, reserved 1048576K
}
Event: 9.475 GC heap after
{Heap after GC invocations=13 (full 0):
 garbage-first heap   total 81920K, used 20185K [0x0000000083600000, 0x0000000100000000)
  region size 1024K, 1 young (1024K), 1 survivors (1024K)
 Metaspace       used 30324K, committed 30592K, reserved 1114112K
  class space    used 3602K, committed 3712K, reserved 1048576K
}
Event: 9.773 GC heap before
{Heap before GC invocations=13 (full 0):
 garbage-first heap   total 81920K, used 65241K [0x0000000083600000, 0x0000000100000000)
  region size 1024K, 46 young (47104K), 1 survivors (1024K)
 Metaspace       used 30365K, committed 30592K, reserved 1114112K
  class space    used 3602K, committed 3712K, reserved 1048576K
}
Event: 9.775 GC heap after
{Heap after GC invocations=14 (full 0):
 garbage-first heap   total 81920K, used 23431K [0x0000000083600000, 0x0000000100000000)
  region size 1024K, 4 young (4096K), 4 survivors (4096K)
 Metaspace       used 30365K, committed 30592K, reserved 1114112K
  class space    used 3602K, committed 3712K, reserved 1048576K
}
Event: 9.983 GC heap before
{Heap before GC invocations=14 (full 0):
 garbage-first heap   total 81920K, used 61319K [0x0000000083600000, 0x0000000100000000)
  region size 1024K, 43 young (44032K), 4 survivors (4096K)
 Metaspace       used 30404K, committed 30656K, reserved 1114112K
  class space    used 3602K, committed 3712K, reserved 1048576K
}
Event: 10.012 GC heap after
{Heap after GC invocations=15 (full 1):
 garbage-first heap   total 81920K, used 23686K [0x0000000083600000, 0x0000000100000000)
  region size 1024K, 0 young (0K), 0 survivors (0K)
 Metaspace       used 30404K, committed 30656K, reserved 1114112K
  class space    used 3602K, committed 3712K, reserved 1048576K
}
Event: 10.280 GC heap before
{Heap before GC invocations=15 (full 1):
 garbage-first heap   total 81920K, used 63622K [0x0000000083600000, 0x0000000100000000)
  region size 1024K, 39 young (39936K), 0 survivors (0K)
 Metaspace       used 30453K, committed 30656K, reserved 1114112K
  class space    used 3603K, committed 3712K, reserved 1048576K
}
Event: 10.281 GC heap after
{Heap after GC invocations=16 (full 1):
 garbage-first heap   total 81920K, used 25990K [0x0000000083600000, 0x0000000100000000)
  region size 1024K, 3 young (3072K), 3 survivors (3072K)
 Metaspace       used 30453K, committed 30656K, reserved 1114112K
  class space    used 3603K, committed 3712K, reserved 1048576K
}
Event: 10.481 GC heap before
{Heap before GC invocations=16 (full 1):
 garbage-first heap   total 81920K, used 61830K [0x0000000083600000, 0x0000000100000000)
  region size 1024K, 39 young (39936K), 3 survivors (3072K)
 Metaspace       used 30503K, committed 30720K, reserved 1114112K
  class space    used 3603K, committed 3712K, reserved 1048576K
}
Event: 10.483 GC heap after
{Heap after GC invocations=17 (full 1):
 garbage-first heap   total 81920K, used 28550K [0x0000000083600000, 0x0000000100000000)
  region size 1024K, 5 young (5120K), 5 survivors (5120K)
 Metaspace       used 30503K, committed 30720K, reserved 1114112K
  class space    used 3603K, committed 3712K, reserved 1048576K
}
Event: 10.586 GC heap before
{Heap before GC invocations=17 (full 1):
 garbage-first heap   total 81920K, used 52102K [0x0000000083600000, 0x0000000100000000)
  region size 1024K, 30 young (30720K), 5 survivors (5120K)
 Metaspace       used 30512K, committed 30784K, reserved 1114112K
  class space    used 3603K, committed 3712K, reserved 1048576K
}
Event: 10.610 GC heap after
{Heap after GC invocations=18 (full 2):
 garbage-first heap   total 81920K, used 28807K [0x0000000083600000, 0x0000000100000000)
  region size 1024K, 0 young (0K), 0 survivors (0K)
 Metaspace       used 30512K, committed 30784K, reserved 1114112K
  class space    used 3603K, committed 3712K, reserved 1048576K
}
Event: 10.783 GC heap before
{Heap before GC invocations=18 (full 2):
 garbage-first heap   total 81920K, used 60551K [0x0000000083600000, 0x0000000100000000)
  region size 1024K, 32 young (32768K), 0 survivors (0K)
 Metaspace       used 30543K, committed 30784K, reserved 1114112K
  class space    used 3603K, committed 3712K, reserved 1048576K
}
Event: 10.784 GC heap after
{Heap after GC invocations=19 (full 2):
 garbage-first heap   total 81920K, used 30658K [0x0000000083600000, 0x0000000100000000)
  region size 1024K, 2 young (2048K), 2 survivors (2048K)
 Metaspace       used 30543K, committed 30784K, reserved 1114112K
  class space    used 3603K, committed 3712K, reserved 1048576K
}
Event: 10.936 GC heap before
{Heap before GC invocations=19 (full 2):
 garbage-first heap   total 81920K, used 60354K [0x0000000083600000, 0x0000000100000000)
  region size 1024K, 32 young (32768K), 2 survivors (2048K)
 Metaspace       used 30550K, committed 30784K, reserved 1114112K
  class space    used 3603K, committed 3712K, reserved 1048576K
}

