# JRE version: OpenJDK Runtime Environment Microsoft-12574423 (17.0.17+10) (build 17.0.17+10-LTS)
# Java VM: OpenJDK 64-Bit Server VM Microsoft-12574423 (17.0.17+10-LTS, mixed mode, sharing, tiered, compressed oops, compressed class ptrs, g1 gc, windows-amd64)
GC Precious Log:
 CPUs: 8 total, 8 available
 Memory: 7973M
 Large Page Support: Disabled
 NUMA Support: Disabled
 Compressed Oops: Enabled (32-bit)
 Heap Region Size: 1M
 Heap Min Capacity: 8M
 Heap Initial Capacity: 126M
 Heap Max Capacity: 1994M
 Pre-touch: Disabled
 Parallel Workers: 8
 Concurrent Workers: 2
 Concurrent Refinement Workers: 8
 Periodic GC: Disabled
Heap:
 garbage-first heap   total 78848K, used 33536K [0x0000000083600000, 0x0000000100000000)
  region size 1024K, 5 young (5120K), 5 survivors (5120K)
 Metaspace       used 30412K, committed 30656K, reserved 1114112K
  class space    used 3605K, committed 3712K, reserved 1048576K
GC Heap History (20 events):
Event: 11.770 GC heap after
{Heap after GC invocations=8 (full 0):
 garbage-first heap   total 75776K, used 18427K [0x0000000083600000, 0x0000000100000000)
  region size 1024K, 3 young (3072K), 3 survivors (3072K)
 Metaspace       used 23888K, committed 24128K, reserved 1114112K
  class space    used 2943K, committed 3072K, reserved 1048576K
}
Event: 11.778 GC heap before
{Heap before GC invocations=8 (full 0):
 garbage-first heap   total 75776K, used 19451K [0x0000000083600000, 0x0000000100000000)
  region size 1024K, 4 young (4096K), 3 survivors (3072K)
 Metaspace       used 23891K, committed 24128K, reserved 1114112K
  class space    used 2943K, committed 3072K, reserved 1048576K
}
Event: 11.780 GC heap after
{Heap after GC invocations=9 (full 0):
 garbage-first heap   total 91136K, used 18849K [0x0000000083600000, 0x0000000100000000)
  region size 1024K, 1 young (1024K), 1 survivors (1024K)
 Metaspace       used 23891K, committed 24128K, reserved 1114112K
  class space    used 2943K, committed 3072K, reserved 1048576K
}
Event: 12.149 GC heap before
{Heap before GC invocations=9 (full 0):
 garbage-first heap   total 91136K, used 65953K [0x0000000083600000, 0x0000000100000000)
  region size 1024K, 47 young (48128K), 1 survivors (1024K)
 Metaspace       used 24287K, committed 24576K, reserved 1114112K
  class space    used 2949K, committed 3072K, reserved 1048576K
}
Event: 12.151 GC heap after
{Heap after GC invocations=10 (full 0):
 garbage-first heap   total 91136K, used 18520K [0x0000000083600000, 0x0000000100000000)
  region size 1024K, 1 young (1024K), 1 survivors (1024K)
 Metaspace       used 24287K, committed 24576K, reserved 1114112K
  class space    used 2949K, committed 3072K, reserved 1048576K
}
Event: 13.300 GC heap before
{Heap before GC invocations=11 (full 0):
 garbage-first heap   total 78848K, used 68696K [0x0000000083600000, 0x0000000100000000)
  region size 1024K, 50 young (51200K), 1 survivors (1024K)
 Metaspace       used 30257K, committed 30528K, reserved 1114112K
  class space    used 3605K, committed 3712K, reserved 1048576K
}
Event: 13.303 GC heap after
{Heap after GC invocations=12 (full 0):
 garbage-first heap   total 78848K, used 19751K [0x0000000083600000, 0x0000000100000000)
  region size 1024K, 2 young (2048K), 2 survivors (2048K)
 Metaspace       used 30257K, committed 30528K, reserved 1114112K
  class space    used 3605K, committed 3712K, reserved 1048576K
}
Event: 13.304 GC heap before
{Heap before GC invocations=12 (full 0):
 garbage-first heap   total 78848K, used 20775K [0x0000000083600000, 0x0000000100000000)
  region size 1024K, 3 young (3072K), 2 survivors (2048K)
 Metaspace       used 30258K, committed 30528K, reserved 1114112K
  class space    used 3605K, committed 3712K, reserved 1048576K
}
Event: 13.306 GC heap after
{Heap after GC invocations=13 (full 0):
 garbage-first heap   total 78848K, used 19593K [0x0000000083600000, 0x0000000100000000)
  region size 1024K, 1 young (1024K), 1 survivors (1024K)
 Metaspace       used 30258K, committed 30528K, reserved 1114112K
  class space    used 3605K, committed 3712K, reserved 1048576K
}
Event: 13.609 GC heap before
{Heap before GC invocations=13 (full 0):
 garbage-first heap   total 78848K, used 58505K [0x0000000083600000, 0x0000000100000000)
  region size 1024K, 40 young (40960K), 1 survivors (1024K)
 Metaspace       used 30292K, committed 30528K, reserved 1114112K
  class space    used 3605K, committed 3712K, reserved 1048576K
}
Event: 13.610 GC heap after
{Heap after GC invocations=14 (full 0):
 garbage-first heap   total 78848K, used 22338K [0x0000000083600000, 0x0000000100000000)
  region size 1024K, 3 young (3072K), 3 survivors (3072K)
 Metaspace       used 30292K, committed 30528K, reserved 1114112K
  class space    used 3605K, committed 3712K, reserved 1048576K
}
Event: 13.872 GC heap before
{Heap before GC invocations=14 (full 0):
 garbage-first heap   total 78848K, used 59202K [0x0000000083600000, 0x0000000100000000)
  region size 1024K, 40 young (40960K), 3 survivors (3072K)
 Metaspace       used 30323K, committed 30528K, reserved 1114112K
  class space    used 3605K, committed 3712K, reserved 1048576K
}
Event: 13.873 GC heap after
{Heap after GC invocations=15 (full 0):
 garbage-first heap   total 78848K, used 24898K [0x0000000083600000, 0x0000000100000000)
  region size 1024K, 5 young (5120K), 5 survivors (5120K)
 Metaspace       used 30323K, committed 30528K, reserved 1114112K
  class space    used 3605K, committed 3712K, reserved 1048576K
}
Event: 14.103 GC heap before
{Heap before GC invocations=15 (full 0):
 garbage-first heap   total 78848K, used 60738K [0x0000000083600000, 0x0000000100000000)
  region size 1024K, 40 young (40960K), 5 survivors (5120K)
 Metaspace       used 30358K, committed 30592K, reserved 1114112K
  class space    used 3605K, committed 3712K, reserved 1048576K
}
Event: 14.106 GC heap after
{Heap after GC invocations=16 (full 0):
 garbage-first heap   total 78848K, used 26880K [0x0000000083600000, 0x0000000100000000)
  region size 1024K, 5 young (5120K), 5 survivors (5120K)
 Metaspace       used 30358K, committed 30592K, reserved 1114112K
  class space    used 3605K, committed 3712K, reserved 1048576K
}
Event: 14.314 GC heap before
{Heap before GC invocations=16 (full 0):
 garbage-first heap   total 78848K, used 60672K [0x0000000083600000, 0x0000000100000000)
  region size 1024K, 39 young (39936K), 5 survivors (5120K)
 Metaspace       used 30383K, committed 30592K, reserved 1114112K
  class space    used 3605K, committed 3712K, reserved 1048576K
}
Event: 14.316 GC heap after
{Heap after GC invocations=17 (full 0):
 garbage-first heap   total 78848K, used 29184K [0x0000000083600000, 0x0000000100000000)
  region size 1024K, 5 young (5120K), 5 survivors (5120K)
 Metaspace       used 30383K, committed 30592K, reserved 1114112K
  class space    used 3605K, committed 3712K, reserved 1048576K
}
Event: 14.480 GC heap before
{Heap before GC invocations=17 (full 0):
 garbage-first heap   total 78848K, used 60928K [0x0000000083600000, 0x0000000100000000)
  region size 1024K, 37 young (37888K), 5 survivors (5120K)
 Metaspace       used 30402K, committed 30592K, reserved 1114112K
  class space    used 3605K, committed 3712K, reserved 1048576K
}
Event: 14.482 GC heap after
{Heap after GC invocations=18 (full 0):
 garbage-first heap   total 78848K, used 31488K [0x0000000083600000, 0x0000000100000000)
  region size 1024K, 5 young (5120K), 5 survivors (5120K)
 Metaspace       used 30402K, committed 30592K, reserved 1114112K
  class space    used 3605K, committed 3712K, reserved 1048576K
}
Event: 14.627 GC heap before
{Heap before GC invocations=18 (full 0):
 garbage-first heap   total 78848K, used 60160K [0x0000000083600000, 0x0000000100000000)
  region size 1024K, 34 young (34816K), 5 survivors (5120K)
 Metaspace       used 30412K, committed 30656K, reserved 1114112K
  class space    used 3605K, committed 3712K, reserved 1048576K
}

