# JRE version: OpenJDK Runtime Environment Microsoft-12574423 (17.0.17+10) (build 17.0.17+10-LTS)
# Java VM: OpenJDK 64-Bit Server VM Microsoft-12574423 (17.0.17+10-LTS, mixed mode, sharing, tiered, compressed oops, compressed class ptrs, g1 gc, windows-amd64)
GC Precious Log:
 CPUs: 8 total, 8 available
 Memory: 7973M
 Large Page Support: Disabled
 NUMA Support: Disabled
 Compressed Oops: Enabled (32-bit)
 Heap Region Size: 1M
 Heap Min Capacity: 8M
 Heap Initial Capacity: 126M
 Heap Max Capacity: 1994M
 Pre-touch: Disabled
 Parallel Workers: 8
 Concurrent Workers: 2
 Concurrent Refinement Workers: 8
 Periodic GC: Disabled
Heap:
 garbage-first heap   total 129024K, used 53760K [0x0000000083600000, 0x0000000100000000)
  region size 1024K, 4 young (4096K), 4 survivors (4096K)
 Metaspace       used 30629K, committed 30848K, reserved 1114112K
  class space    used 3606K, committed 3712K, reserved 1048576K
GC Heap History (20 events):
Event: 16.682 GC heap after
{Heap after GC invocations=18 (full 0):
 garbage-first heap   total 95232K, used 35013K [0x0000000083600000, 0x0000000100000000)
  region size 1024K, 5 young (5120K), 5 survivors (5120K)
 Metaspace       used 30542K, committed 30784K, reserved 1114112K
  class space    used 3606K, committed 3712K, reserved 1048576K
}
Event: 16.922 GC heap before
{Heap before GC invocations=18 (full 0):
 garbage-first heap   total 95232K, used 73925K [0x0000000083600000, 0x0000000100000000)
  region size 1024K, 44 young (45056K), 5 survivors (5120K)
 Metaspace       used 30552K, committed 30784K, reserved 1114112K
  class space    used 3606K, committed 3712K, reserved 1048576K
}
Event: 16.924 GC heap after
{Heap after GC invocations=19 (full 0):
 garbage-first heap   total 95232K, used 37573K [0x0000000083600000, 0x0000000100000000)
  region size 1024K, 6 young (6144K), 6 survivors (6144K)
 Metaspace       used 30552K, committed 30784K, reserved 1114112K
  class space    used 3606K, committed 3712K, reserved 1048576K
}
Event: 17.173 GC heap before
{Heap before GC invocations=19 (full 0):
 garbage-first heap   total 95232K, used 74437K [0x0000000083600000, 0x0000000100000000)
  region size 1024K, 42 young (43008K), 6 survivors (6144K)
 Metaspace       used 30552K, committed 30784K, reserved 1114112K
  class space    used 3606K, committed 3712K, reserved 1048576K
}
Event: 17.175 GC heap after
{Heap after GC invocations=20 (full 0):
 garbage-first heap   total 95232K, used 39623K [0x0000000083600000, 0x0000000100000000)
  region size 1024K, 5 young (5120K), 5 survivors (5120K)
 Metaspace       used 30552K, committed 30784K, reserved 1114112K
  class space    used 3606K, committed 3712K, reserved 1048576K
}
Event: 17.381 GC heap before
{Heap before GC invocations=20 (full 0):
 garbage-first heap   total 95232K, used 75463K [0x0000000083600000, 0x0000000100000000)
  region size 1024K, 40 young (40960K), 5 survivors (5120K)
 Metaspace       used 30557K, committed 30784K, reserved 1114112K
  class space    used 3606K, committed 3712K, reserved 1048576K
}
Event: 17.383 GC heap after
{Heap after GC invocations=21 (full 0):
 garbage-first heap   total 95232K, used 42181K [0x0000000083600000, 0x0000000100000000)
  region size 1024K, 5 young (5120K), 5 survivors (5120K)
 Metaspace       used 30557K, committed 30784K, reserved 1114112K
  class space    used 3606K, committed 3712K, reserved 1048576K
}
Event: 17.561 GC heap before
{Heap before GC invocations=21 (full 0):
 garbage-first heap   total 95232K, used 73925K [0x0000000083600000, 0x0000000100000000)
  region size 1024K, 37 young (37888K), 5 survivors (5120K)
 Metaspace       used 30557K, committed 30784K, reserved 1114112K
  class space    used 3606K, committed 3712K, reserved 1048576K
}
Event: 17.563 GC heap after
{Heap after GC invocations=22 (full 0):
 garbage-first heap   total 95232K, used 44485K [0x0000000083600000, 0x0000000100000000)
  region size 1024K, 5 young (5120K), 5 survivors (5120K)
 Metaspace       used 30557K, committed 30784K, reserved 1114112K
  class space    used 3606K, committed 3712K, reserved 1048576K
}
Event: 17.724 GC heap before
{Heap before GC invocations=22 (full 0):
 garbage-first heap   total 95232K, used 74181K [0x0000000083600000, 0x0000000100000000)
  region size 1024K, 35 young (35840K), 5 survivors (5120K)
 Metaspace       used 30582K, committed 30784K, reserved 1114112K
  class space    used 3606K, committed 3712K, reserved 1048576K
}
Event: 17.726 GC heap after
{Heap after GC invocations=23 (full 0):
 garbage-first heap   total 95232K, used 47045K [0x0000000083600000, 0x0000000100000000)
  region size 1024K, 5 young (5120K), 5 survivors (5120K)
 Metaspace       used 30582K, committed 30784K, reserved 1114112K
  class space    used 3606K, committed 3712K, reserved 1048576K
}
Event: 17.857 GC heap before
{Heap before GC invocations=23 (full 0):
 garbage-first heap   total 95232K, used 75717K [0x0000000083600000, 0x0000000100000000)
  region size 1024K, 33 young (33792K), 5 survivors (5120K)
 Metaspace       used 30595K, committed 30784K, reserved 1114112K
  class space    used 3606K, committed 3712K, reserved 1048576K
}
Event: 17.858 GC heap after
{Heap after GC invocations=24 (full 0):
 garbage-first heap   total 95232K, used 48581K [0x0000000083600000, 0x0000000100000000)
  region size 1024K, 4 young (4096K), 4 survivors (4096K)
 Metaspace       used 30595K, committed 30784K, reserved 1114112K
  class space    used 3606K, committed 3712K, reserved 1048576K
}
Event: 18.522 GC heap before
{Heap before GC invocations=25 (full 0):
 garbage-first heap   total 95232K, used 75205K [0x0000000083600000, 0x0000000100000000)
  region size 1024K, 31 young (31744K), 4 survivors (4096K)
 Metaspace       used 30618K, committed 30848K, reserved 1114112K
  class space    used 3606K, committed 3712K, reserved 1048576K
}
Event: 18.532 GC heap after
{Heap after GC invocations=26 (full 0):
 garbage-first heap   total 95232K, used 50373K [0x0000000083600000, 0x0000000100000000)
  region size 1024K, 4 young (4096K), 4 survivors (4096K)
 Metaspace       used 30618K, committed 30848K, reserved 1114112K
  class space    used 3606K, committed 3712K, reserved 1048576K
}
Event: 18.539 GC heap before
{Heap before GC invocations=26 (full 0):
 garbage-first heap   total 95232K, used 51397K [0x0000000083600000, 0x0000000100000000)
  region size 1024K, 5 young (5120K), 4 survivors (4096K)
 Metaspace       used 30618K, committed 30848K, reserved 1114112K
  class space    used 3606K, committed 3712K, reserved 1048576K
}
Event: 18.547 GC heap after
{Heap after GC invocations=27 (full 0):
 garbage-first heap   total 95232K, used 50442K [0x0000000083600000, 0x0000000100000000)
  region size 1024K, 1 young (1024K), 1 survivors (1024K)
 Metaspace       used 30618K, committed 30848K, reserved 1114112K
  class space    used 3606K, committed 3712K, reserved 1048576K
}
Event: 20.158 GC heap before
{Heap before GC invocations=27 (full 0):
 garbage-first heap   total 95232K, used 75018K [0x0000000083600000, 0x0000000100000000)
  region size 1024K, 26 young (26624K), 1 survivors (1024K)
 Metaspace       used 30627K, committed 30848K, reserved 1114112K
  class space    used 3606K, committed 3712K, reserved 1048576K
}
Event: 20.167 GC heap after
{Heap after GC invocations=28 (full 0):
 garbage-first heap   total 95232K, used 52056K [0x0000000083600000, 0x0000000100000000)
  region size 1024K, 2 young (2048K), 2 survivors (2048K)
 Metaspace       used 30627K, committed 30848K, reserved 1114112K
  class space    used 3606K, committed 3712K, reserved 1048576K
}
Event: 22.002 GC heap before
{Heap before GC invocations=29 (full 0):
 garbage-first heap   total 97280K, used 75608K [0x0000000083600000, 0x0000000100000000)
  region size 1024K, 26 young (26624K), 2 survivors (2048K)
 Metaspace       used 30629K, committed 30848K, reserved 1114112K
  class space    used 3606K, committed 3712K, reserved 1048576K
}

