# JRE version: OpenJDK Runtime Environment Microsoft-12574423 (17.0.17+10) (build 17.0.17+10-LTS)
# Java VM: OpenJDK 64-Bit Server VM Microsoft-12574423 (17.0.17+10-LTS, mixed mode, sharing, tiered, compressed oops, compressed class ptrs, g1 gc, windows-amd64)
GC Precious Log:
 CPUs: 8 total, 8 available
 Memory: 7973M
 Large Page Support: Disabled
 NUMA Support: Disabled
 Compressed Oops: Enabled (32-bit)
 Heap Region Size: 1M
 Heap Min Capacity: 8M
 Heap Initial Capacity: 126M
 Heap Max Capacity: 1994M
 Pre-touch: Disabled
 Parallel Workers: 8
 Concurrent Workers: 2
 Concurrent Refinement Workers: 8
 Periodic GC: Disabled
Heap:
 garbage-first heap   total 129024K, used 42035K [0x0000000083600000, 0x0000000100000000)
  region size 1024K, 1 young (1024K), 1 survivors (1024K)
 Metaspace       used 25142K, committed 25408K, reserved 1114112K
  class space    used 2719K, committed 2816K, reserved 1048576K
GC Heap History (20 events):
Event: 9.266 GC heap after
{Heap after GC invocations=21 (full 0):
 garbage-first heap   total 70656K, used 30231K [0x0000000083600000, 0x0000000100000000)
  region size 1024K, 4 young (4096K), 4 survivors (4096K)
 Metaspace       used 25118K, committed 25344K, reserved 1114112K
  class space    used 2719K, committed 2816K, reserved 1048576K
}
Event: 9.374 GC heap before
{Heap before GC invocations=21 (full 0):
 garbage-first heap   total 70656K, used 53783K [0x0000000083600000, 0x0000000100000000)
  region size 1024K, 28 young (28672K), 4 survivors (4096K)
 Metaspace       used 25121K, committed 25344K, reserved 1114112K
  class space    used 2719K, committed 2816K, reserved 1048576K
}
Event: 9.376 GC heap after
{Heap after GC invocations=22 (full 0):
 garbage-first heap   total 70656K, used 31515K [0x0000000083600000, 0x0000000100000000)
  region size 1024K, 4 young (4096K), 4 survivors (4096K)
 Metaspace       used 25121K, committed 25344K, reserved 1114112K
  class space    used 2719K, committed 2816K, reserved 1048576K
}
Event: 9.520 GC heap before
{Heap before GC invocations=22 (full 0):
 garbage-first heap   total 70656K, used 54043K [0x0000000083600000, 0x0000000100000000)
  region size 1024K, 27 young (27648K), 4 survivors (4096K)
 Metaspace       used 25124K, committed 25344K, reserved 1114112K
  class space    used 2719K, committed 2816K, reserved 1048576K
}
Event: 9.522 GC heap after
{Heap after GC invocations=23 (full 0):
 garbage-first heap   total 70656K, used 33563K [0x0000000083600000, 0x0000000100000000)
  region size 1024K, 4 young (4096K), 4 survivors (4096K)
 Metaspace       used 25124K, committed 25344K, reserved 1114112K
  class space    used 2719K, committed 2816K, reserved 1048576K
}
Event: 9.640 GC heap before
{Heap before GC invocations=23 (full 0):
 garbage-first heap   total 70656K, used 55067K [0x0000000083600000, 0x0000000100000000)
  region size 1024K, 26 young (26624K), 4 survivors (4096K)
 Metaspace       used 25129K, committed 25344K, reserved 1114112K
  class space    used 2719K, committed 2816K, reserved 1048576K
}
Event: 9.641 GC heap after
{Heap after GC invocations=24 (full 0):
 garbage-first heap   total 70656K, used 35095K [0x0000000083600000, 0x0000000100000000)
  region size 1024K, 4 young (4096K), 4 survivors (4096K)
 Metaspace       used 25129K, committed 25344K, reserved 1114112K
  class space    used 2719K, committed 2816K, reserved 1048576K
}
Event: 9.733 GC heap before
{Heap before GC invocations=24 (full 0):
 garbage-first heap   total 70656K, used 55575K [0x0000000083600000, 0x0000000100000000)
  region size 1024K, 24 young (24576K), 4 survivors (4096K)
 Metaspace       used 25129K, committed 25344K, reserved 1114112K
  class space    used 2719K, committed 2816K, reserved 1048576K
}
Event: 9.734 GC heap after
{Heap after GC invocations=25 (full 0):
 garbage-first heap   total 70656K, used 36123K [0x0000000083600000, 0x0000000100000000)
  region size 1024K, 3 young (3072K), 3 survivors (3072K)
 Metaspace       used 25129K, committed 25344K, reserved 1114112K
  class space    used 2719K, committed 2816K, reserved 1048576K
}
Event: 9.864 GC heap before
{Heap before GC invocations=26 (full 0):
 garbage-first heap   total 70656K, used 55579K [0x0000000083600000, 0x0000000100000000)
  region size 1024K, 23 young (23552K), 3 survivors (3072K)
 Metaspace       used 25140K, committed 25408K, reserved 1114112K
  class space    used 2719K, committed 2816K, reserved 1048576K
}
Event: 9.867 GC heap after
{Heap after GC invocations=27 (full 0):
 garbage-first heap   total 84992K, used 37911K [0x0000000083600000, 0x0000000100000000)
  region size 1024K, 3 young (3072K), 3 survivors (3072K)
 Metaspace       used 25140K, committed 25408K, reserved 1114112K
  class space    used 2719K, committed 2816K, reserved 1048576K
}
Event: 9.869 GC heap before
{Heap before GC invocations=27 (full 0):
 garbage-first heap   total 84992K, used 38935K [0x0000000083600000, 0x0000000100000000)
  region size 1024K, 4 young (4096K), 3 survivors (3072K)
 Metaspace       used 25140K, committed 25408K, reserved 1114112K
  class space    used 2719K, committed 2816K, reserved 1048576K
}
Event: 9.873 GC heap after
{Heap after GC invocations=28 (full 0):
 garbage-first heap   total 84992K, used 37911K [0x0000000083600000, 0x0000000100000000)
  region size 1024K, 0 young (0K), 0 survivors (0K)
 Metaspace       used 25140K, committed 25408K, reserved 1114112K
  class space    used 2719K, committed 2816K, reserved 1048576K
}
Event: 10.025 GC heap before
{Heap before GC invocations=28 (full 0):
 garbage-first heap   total 84992K, used 66583K [0x0000000083600000, 0x0000000100000000)
  region size 1024K, 29 young (29696K), 0 survivors (0K)
 Metaspace       used 25140K, committed 25408K, reserved 1114112K
  class space    used 2719K, committed 2816K, reserved 1048576K
}
Event: 10.026 GC heap after
{Heap after GC invocations=29 (full 0):
 garbage-first heap   total 84992K, used 39814K [0x0000000083600000, 0x0000000100000000)
  region size 1024K, 2 young (2048K), 2 survivors (2048K)
 Metaspace       used 25140K, committed 25408K, reserved 1114112K
  class space    used 2719K, committed 2816K, reserved 1048576K
}
Event: 10.158 GC heap before
{Heap before GC invocations=30 (full 0):
 garbage-first heap   total 84992K, used 66438K [0x0000000083600000, 0x0000000100000000)
  region size 1024K, 29 young (29696K), 2 survivors (2048K)
 Metaspace       used 25141K, committed 25408K, reserved 1114112K
  class space    used 2719K, committed 2816K, reserved 1048576K
}
Event: 10.159 GC heap after
{Heap after GC invocations=31 (full 0):
 garbage-first heap   total 84992K, used 41495K [0x0000000083600000, 0x0000000100000000)
  region size 1024K, 4 young (4096K), 4 survivors (4096K)
 Metaspace       used 25141K, committed 25408K, reserved 1114112K
  class space    used 2719K, committed 2816K, reserved 1048576K
}
Event: 10.159 GC heap before
{Heap before GC invocations=31 (full 0):
 garbage-first heap   total 84992K, used 41495K [0x0000000083600000, 0x0000000100000000)
  region size 1024K, 5 young (5120K), 4 survivors (4096K)
 Metaspace       used 25141K, committed 25408K, reserved 1114112K
  class space    used 2719K, committed 2816K, reserved 1048576K
}
Event: 10.161 GC heap after
{Heap after GC invocations=32 (full 0):
 garbage-first heap   total 84992K, used 41879K [0x0000000083600000, 0x0000000100000000)
  region size 1024K, 1 young (1024K), 1 survivors (1024K)
 Metaspace       used 25141K, committed 25408K, reserved 1114112K
  class space    used 2719K, committed 2816K, reserved 1048576K
}
Event: 10.183 GC heap before
{Heap before GC invocations=32 (full 0):
 garbage-first heap   total 84992K, used 44951K [0x0000000083600000, 0x0000000100000000)
  region size 1024K, 4 young (4096K), 1 survivors (1024K)
 Metaspace       used 25142K, committed 25408K, reserved 1114112K
  class space    used 2719K, committed 2816K, reserved 1048576K
}

