# JRE version: OpenJDK Runtime Environment Microsoft-12574423 (17.0.17+10) (build 17.0.17+10-LTS)
# Java VM: OpenJDK 64-Bit Server VM Microsoft-12574423 (17.0.17+10-LTS, mixed mode, sharing, tiered, compressed oops, compressed class ptrs, g1 gc, windows-amd64)
GC Precious Log:
 CPUs: 8 total, 8 available
 Memory: 7973M
 Large Page Support: Disabled
 NUMA Support: Disabled
 Compressed Oops: Enabled (32-bit)
 Heap Region Size: 1M
 Heap Min Capacity: 8M
 Heap Initial Capacity: 126M
 Heap Max Capacity: 1994M
 Pre-touch: Disabled
 Parallel Workers: 8
 Concurrent Workers: 2
 Concurrent Refinement Workers: 8
 Periodic GC: Disabled
Heap:
 garbage-first heap   total 51200K, used 26373K [0x0000000083600000, 0x0000000100000000)
  region size 1024K, 4 young (4096K), 3 survivors (3072K)
 Metaspace       used 28106K, committed 28416K, reserved 1114112K
  class space    used 3253K, committed 3392K, reserved 1048576K
GC Heap History (20 events):
Event: 8.739 GC heap before
{Heap before GC invocations=11 (full 0):
 garbage-first heap   total 48128K, used 36823K [0x0000000083600000, 0x0000000100000000)
  region size 1024K, 24 young (24576K), 2 survivors (2048K)
 Metaspace       used 24802K, committed 25088K, reserved 1114112K
  class space    used 2640K, committed 2752K, reserved 1048576K
}
Event: 8.740 GC heap after
{Heap after GC invocations=12 (full 0):
 garbage-first heap   total 48128K, used 16568K [0x0000000083600000, 0x0000000100000000)
  region size 1024K, 3 young (3072K), 3 survivors (3072K)
 Metaspace       used 24802K, committed 25088K, reserved 1114112K
  class space    used 2640K, committed 2752K, reserved 1048576K
}
Event: 8.841 GC heap before
{Heap before GC invocations=12 (full 0):
 garbage-first heap   total 48128K, used 37048K [0x0000000083600000, 0x0000000100000000)
  region size 1024K, 23 young (23552K), 3 survivors (3072K)
 Metaspace       used 24812K, committed 25088K, reserved 1114112K
  class space    used 2640K, committed 2752K, reserved 1048576K
}
Event: 8.842 GC heap after
{Heap after GC invocations=13 (full 0):
 garbage-first heap   total 48128K, used 18176K [0x0000000083600000, 0x0000000100000000)
  region size 1024K, 2 young (2048K), 2 survivors (2048K)
 Metaspace       used 24812K, committed 25088K, reserved 1114112K
  class space    used 2640K, committed 2752K, reserved 1048576K
}
Event: 8.937 GC heap before
{Heap before GC invocations=13 (full 0):
 garbage-first heap   total 48128K, used 36608K [0x0000000083600000, 0x0000000100000000)
  region size 1024K, 20 young (20480K), 2 survivors (2048K)
 Metaspace       used 24825K, committed 25088K, reserved 1114112K
  class space    used 2640K, committed 2752K, reserved 1048576K
}
Event: 8.938 GC heap after
{Heap after GC invocations=14 (full 0):
 garbage-first heap   total 48128K, used 19200K [0x0000000083600000, 0x0000000100000000)
  region size 1024K, 3 young (3072K), 3 survivors (3072K)
 Metaspace       used 24825K, committed 25088K, reserved 1114112K
  class space    used 2640K, committed 2752K, reserved 1048576K
}
Event: 9.046 GC heap before
{Heap before GC invocations=14 (full 0):
 garbage-first heap   total 48128K, used 35584K [0x0000000083600000, 0x0000000100000000)
  region size 1024K, 20 young (20480K), 3 survivors (3072K)
 Metaspace       used 24829K, committed 25088K, reserved 1114112K
  class space    used 2640K, committed 2752K, reserved 1048576K
}
Event: 9.047 GC heap after
{Heap after GC invocations=15 (full 0):
 garbage-first heap   total 48128K, used 20480K [0x0000000083600000, 0x0000000100000000)
  region size 1024K, 3 young (3072K), 3 survivors (3072K)
 Metaspace       used 24829K, committed 25088K, reserved 1114112K
  class space    used 2640K, committed 2752K, reserved 1048576K
}
Event: 9.314 GC heap before
{Heap before GC invocations=15 (full 0):
 garbage-first heap   total 48128K, used 36864K [0x0000000083600000, 0x0000000100000000)
  region size 1024K, 19 young (19456K), 3 survivors (3072K)
 Metaspace       used 24839K, committed 25088K, reserved 1114112K
  class space    used 2640K, committed 2752K, reserved 1048576K
}
Event: 9.315 GC heap after
{Heap after GC invocations=16 (full 0):
 garbage-first heap   total 48128K, used 21248K [0x0000000083600000, 0x0000000100000000)
  region size 1024K, 3 young (3072K), 3 survivors (3072K)
 Metaspace       used 24839K, committed 25088K, reserved 1114112K
  class space    used 2640K, committed 2752K, reserved 1048576K
}
Event: 9.905 GC heap before
{Heap before GC invocations=16 (full 0):
 garbage-first heap   total 48128K, used 35584K [0x0000000083600000, 0x0000000100000000)
  region size 1024K, 18 young (18432K), 3 survivors (3072K)
 Metaspace       used 24849K, committed 25088K, reserved 1114112K
  class space    used 2640K, committed 2752K, reserved 1048576K
}
Event: 9.906 GC heap after
{Heap after GC invocations=17 (full 0):
 garbage-first heap   total 48128K, used 22530K [0x0000000083600000, 0x0000000100000000)
  region size 1024K, 3 young (3072K), 3 survivors (3072K)
 Metaspace       used 24849K, committed 25088K, reserved 1114112K
  class space    used 2640K, committed 2752K, reserved 1048576K
}
Event: 10.645 GC heap before
{Heap before GC invocations=17 (full 0):
 garbage-first heap   total 48128K, used 36866K [0x0000000083600000, 0x0000000100000000)
  region size 1024K, 18 young (18432K), 3 survivors (3072K)
 Metaspace       used 24849K, committed 25088K, reserved 1114112K
  class space    used 2640K, committed 2752K, reserved 1048576K
}
Event: 10.646 GC heap after
{Heap after GC invocations=18 (full 0):
 garbage-first heap   total 48128K, used 23556K [0x0000000083600000, 0x0000000100000000)
  region size 1024K, 3 young (3072K), 3 survivors (3072K)
 Metaspace       used 24849K, committed 25088K, reserved 1114112K
  class space    used 2640K, committed 2752K, reserved 1048576K
}
Event: 10.997 GC heap before
{Heap before GC invocations=18 (full 0):
 garbage-first heap   total 48128K, used 32772K [0x0000000083600000, 0x0000000100000000)
  region size 1024K, 14 young (14336K), 3 survivors (3072K)
 Metaspace       used 24849K, committed 25088K, reserved 1114112K
  class space    used 2640K, committed 2752K, reserved 1048576K
}
Event: 10.997 GC heap after
{Heap after GC invocations=19 (full 0):
 garbage-first heap   total 48128K, used 23812K [0x0000000083600000, 0x0000000100000000)
  region size 1024K, 2 young (2048K), 2 survivors (2048K)
 Metaspace       used 24849K, committed 25088K, reserved 1114112K
  class space    used 2640K, committed 2752K, reserved 1048576K
}
Event: 11.226 GC heap before
{Heap before GC invocations=20 (full 0):
 garbage-first heap   total 51200K, used 39172K [0x0000000083600000, 0x0000000100000000)
  region size 1024K, 16 young (16384K), 2 survivors (2048K)
 Metaspace       used 26613K, committed 26880K, reserved 1114112K
  class space    used 2987K, committed 3136K, reserved 1048576K
}
Event: 11.228 GC heap after
{Heap after GC invocations=21 (full 0):
 garbage-first heap   total 51200K, used 25048K [0x0000000083600000, 0x0000000100000000)
  region size 1024K, 2 young (2048K), 2 survivors (2048K)
 Metaspace       used 26613K, committed 26880K, reserved 1114112K
  class space    used 2987K, committed 3136K, reserved 1048576K
}
Event: 13.599 GC heap before
{Heap before GC invocations=21 (full 0):
 garbage-first heap   total 51200K, used 32216K [0x0000000083600000, 0x0000000100000000)
  region size 1024K, 10 young (10240K), 2 survivors (2048K)
 Metaspace       used 28099K, committed 28416K, reserved 1114112K
  class space    used 3253K, committed 3392K, reserved 1048576K
}
Event: 13.602 GC heap after
{Heap after GC invocations=22 (full 0):
 garbage-first heap   total 51200K, used 26373K [0x0000000083600000, 0x0000000100000000)
  region size 1024K, 3 young (3072K), 3 survivors (3072K)
 Metaspace       used 28099K, committed 28416K, reserved 1114112K
  class space    used 3253K, committed 3392K, reserved 1048576K
}

