# JRE version: OpenJDK Runtime Environment Microsoft-12574423 (17.0.17+10) (build 17.0.17+10-LTS)
# Java VM: OpenJDK 64-Bit Server VM Microsoft-12574423 (17.0.17+10-LTS, mixed mode, sharing, tiered, compressed oops, compressed class ptrs, g1 gc, windows-amd64)
GC Precious Log:
 CPUs: 8 total, 8 available
 Memory: 7973M
 Large Page Support: Disabled
 NUMA Support: Disabled
 Compressed Oops: Enabled (32-bit)
 Heap Region Size: 1M
 Heap Min Capacity: 8M
 Heap Initial Capacity: 126M
 Heap Max Capacity: 1994M
 Pre-touch: Disabled
 Parallel Workers: 8
 Concurrent Workers: 2
 Concurrent Refinement Workers: 8
 Periodic GC: Disabled
Heap:
 garbage-first heap   total 142336K, used 30244K [0x0000000083600000, 0x0000000100000000)
  region size 1024K, 2 young (2048K), 2 survivors (2048K)
 Metaspace       used 30310K, committed 30528K, reserved 1114112K
  class space    used 3606K, committed 3712K, reserved 1048576K
GC Heap History (20 events):
Event: 12.178 GC heap after
{Heap after GC invocations=12 (full 0):
 garbage-first heap   total 71680K, used 18436K [0x0000000083600000, 0x0000000100000000)
  region size 1024K, 3 young (3072K), 3 survivors (3072K)
 Metaspace       used 26923K, committed 27136K, reserved 1114112K
  class space    used 3391K, committed 3520K, reserved 1048576K
}
Event: 12.187 GC heap before
{Heap before GC invocations=12 (full 0):
 garbage-first heap   total 71680K, used 19460K [0x0000000083600000, 0x0000000100000000)
  region size 1024K, 4 young (4096K), 3 survivors (3072K)
 Metaspace       used 27067K, committed 27392K, reserved 1114112K
  class space    used 3407K, committed 3584K, reserved 1048576K
}
Event: 12.190 GC heap after
{Heap after GC invocations=13 (full 0):
 garbage-first heap   total 71680K, used 18412K [0x0000000083600000, 0x0000000100000000)
  region size 1024K, 1 young (1024K), 1 survivors (1024K)
 Metaspace       used 27067K, committed 27392K, reserved 1114112K
  class space    used 3407K, committed 3584K, reserved 1048576K
}
Event: 12.825 GC heap before
{Heap before GC invocations=13 (full 0):
 garbage-first heap   total 71680K, used 56300K [0x0000000083600000, 0x0000000100000000)
  region size 1024K, 40 young (40960K), 1 survivors (1024K)
 Metaspace       used 30111K, committed 30336K, reserved 1114112K
  class space    used 3603K, committed 3712K, reserved 1048576K
}
Event: 12.827 GC heap after
{Heap after GC invocations=14 (full 0):
 garbage-first heap   total 71680K, used 20712K [0x0000000083600000, 0x0000000100000000)
  region size 1024K, 3 young (3072K), 3 survivors (3072K)
 Metaspace       used 30111K, committed 30336K, reserved 1114112K
  class space    used 3603K, committed 3712K, reserved 1048576K
}
Event: 13.082 GC heap before
{Heap before GC invocations=14 (full 0):
 garbage-first heap   total 71680K, used 56552K [0x0000000083600000, 0x0000000100000000)
  region size 1024K, 39 young (39936K), 3 survivors (3072K)
 Metaspace       used 30169K, committed 30400K, reserved 1114112K
  class space    used 3605K, committed 3712K, reserved 1048576K
}
Event: 13.085 GC heap after
{Heap after GC invocations=15 (full 0):
 garbage-first heap   total 71680K, used 23035K [0x0000000083600000, 0x0000000100000000)
  region size 1024K, 5 young (5120K), 5 survivors (5120K)
 Metaspace       used 30169K, committed 30400K, reserved 1114112K
  class space    used 3605K, committed 3712K, reserved 1048576K
}
Event: 13.363 GC heap before
{Heap before GC invocations=15 (full 0):
 garbage-first heap   total 71680K, used 55803K [0x0000000083600000, 0x0000000100000000)
  region size 1024K, 38 young (38912K), 5 survivors (5120K)
 Metaspace       used 30217K, committed 30464K, reserved 1114112K
  class space    used 3605K, committed 3712K, reserved 1048576K
}
Event: 13.365 GC heap after
{Heap after GC invocations=16 (full 0):
 garbage-first heap   total 71680K, used 25509K [0x0000000083600000, 0x0000000100000000)
  region size 1024K, 5 young (5120K), 5 survivors (5120K)
 Metaspace       used 30217K, committed 30464K, reserved 1114112K
  class space    used 3605K, committed 3712K, reserved 1048576K
}
Event: 13.413 GC heap before
{Heap before GC invocations=16 (full 0):
 garbage-first heap   total 71680K, used 30629K [0x0000000083600000, 0x0000000100000000)
  region size 1024K, 11 young (11264K), 5 survivors (5120K)
 Metaspace       used 30228K, committed 30528K, reserved 1114112K
  class space    used 3605K, committed 3712K, reserved 1048576K
}
Event: 13.443 GC heap after
{Heap after GC invocations=17 (full 1):
 garbage-first heap   total 71680K, used 23770K [0x0000000083600000, 0x0000000100000000)
  region size 1024K, 0 young (0K), 0 survivors (0K)
 Metaspace       used 30228K, committed 30528K, reserved 1114112K
  class space    used 3605K, committed 3712K, reserved 1048576K
}
Event: 13.711 GC heap before
{Heap before GC invocations=17 (full 1):
 garbage-first heap   total 71680K, used 54490K [0x0000000083600000, 0x0000000100000000)
  region size 1024K, 30 young (30720K), 0 survivors (0K)
 Metaspace       used 30266K, committed 30528K, reserved 1114112K
  class space    used 3606K, committed 3712K, reserved 1048576K
}
Event: 13.713 GC heap after
{Heap after GC invocations=18 (full 1):
 garbage-first heap   total 71680K, used 26074K [0x0000000083600000, 0x0000000100000000)
  region size 1024K, 3 young (3072K), 3 survivors (3072K)
 Metaspace       used 30266K, committed 30528K, reserved 1114112K
  class space    used 3606K, committed 3712K, reserved 1048576K
}
Event: 13.927 GC heap before
{Heap before GC invocations=18 (full 1):
 garbage-first heap   total 71680K, used 52698K [0x0000000083600000, 0x0000000100000000)
  region size 1024K, 30 young (30720K), 3 survivors (3072K)
 Metaspace       used 30289K, committed 30528K, reserved 1114112K
  class space    used 3606K, committed 3712K, reserved 1048576K
}
Event: 13.929 GC heap after
{Heap after GC invocations=19 (full 1):
 garbage-first heap   total 71680K, used 27354K [0x0000000083600000, 0x0000000100000000)
  region size 1024K, 4 young (4096K), 4 survivors (4096K)
 Metaspace       used 30289K, committed 30528K, reserved 1114112K
  class space    used 3606K, committed 3712K, reserved 1048576K
}
Event: 14.091 GC heap before
{Heap before GC invocations=19 (full 1):
 garbage-first heap   total 71680K, used 52954K [0x0000000083600000, 0x0000000100000000)
  region size 1024K, 31 young (31744K), 4 survivors (4096K)
 Metaspace       used 30295K, committed 30528K, reserved 1114112K
  class space    used 3606K, committed 3712K, reserved 1048576K
}
Event: 14.092 GC heap after
{Heap after GC invocations=20 (full 1):
 garbage-first heap   total 71680K, used 28890K [0x0000000083600000, 0x0000000100000000)
  region size 1024K, 4 young (4096K), 4 survivors (4096K)
 Metaspace       used 30295K, committed 30528K, reserved 1114112K
  class space    used 3606K, committed 3712K, reserved 1048576K
}
Event: 14.188 GC heap before
{Heap before GC invocations=20 (full 1):
 garbage-first heap   total 71680K, used 45274K [0x0000000083600000, 0x0000000100000000)
  region size 1024K, 22 young (22528K), 4 survivors (4096K)
 Metaspace       used 30306K, committed 30528K, reserved 1114112K
  class space    used 3606K, committed 3712K, reserved 1048576K
}
Event: 14.216 GC heap after
{Heap after GC invocations=21 (full 2):
 garbage-first heap   total 71680K, used 28896K [0x0000000083600000, 0x0000000100000000)
  region size 1024K, 0 young (0K), 0 survivors (0K)
 Metaspace       used 30306K, committed 30528K, reserved 1114112K
  class space    used 3606K, committed 3712K, reserved 1048576K
}
Event: 14.358 GC heap before
{Heap before GC invocations=21 (full 2):
 garbage-first heap   total 71680K, used 52448K [0x0000000083600000, 0x0000000100000000)
  region size 1024K, 24 young (24576K), 0 survivors (0K)
 Metaspace       used 30310K, committed 30528K, reserved 1114112K
  class space    used 3606K, committed 3712K, reserved 1048576K
}

