# JRE version: OpenJDK Runtime Environment Microsoft-12574423 (17.0.17+10) (build 17.0.17+10-LTS)
# Java VM: OpenJDK 64-Bit Server VM Microsoft-12574423 (17.0.17+10-LTS, mixed mode, sharing, tiered, compressed oops, compressed class ptrs, g1 gc, windows-amd64)
GC Precious Log:
 CPUs: 8 total, 8 available
 Memory: 7973M
 Large Page Support: Disabled
 NUMA Support: Disabled
 Compressed Oops: Enabled (32-bit)
 Heap Region Size: 1M
 Heap Min Capacity: 8M
 Heap Initial Capacity: 126M
 Heap Max Capacity: 1994M
 Pre-touch: Disabled
 Parallel Workers: 8
 Concurrent Workers: 2
 Concurrent Refinement Workers: 8
 Periodic GC: Disabled
Heap:
 garbage-first heap   total 78848K, used 19939K [0x0000000083600000, 0x0000000100000000)
  region size 1024K, 3 young (3072K), 1 survivors (1024K)
 Metaspace       used 24150K, committed 24384K, reserved 1114112K
  class space    used 2945K, committed 3072K, reserved 1048576K
GC Heap History (12 events):
Event: 0.798 GC heap before
{Heap before GC invocations=0 (full 0):
 garbage-first heap   total 129024K, used 22528K [0x0000000083600000, 0x0000000100000000)
  region size 1024K, 23 young (23552K), 0 survivors (0K)
 Metaspace       used 4354K, committed 4544K, reserved 1114112K
  class space    used 493K, committed 576K, reserved 1048576K
}
Event: 0.801 GC heap after
{Heap after GC invocations=1 (full 0):
 garbage-first heap   total 129024K, used 3296K [0x0000000083600000, 0x0000000100000000)
  region size 1024K, 3 young (3072K), 3 survivors (3072K)
 Metaspace       used 4354K, committed 4544K, reserved 1114112K
  class space    used 493K, committed 576K, reserved 1048576K
}
Event: 1.531 GC heap before
{Heap before GC invocations=1 (full 0):
 garbage-first heap   total 129024K, used 35040K [0x0000000083600000, 0x0000000100000000)
  region size 1024K, 35 young (35840K), 3 survivors (3072K)
 Metaspace       used 12284K, committed 12544K, reserved 1114112K
  class space    used 1721K, committed 1856K, reserved 1048576K
}
Event: 1.538 GC heap after
{Heap after GC invocations=2 (full 0):
 garbage-first heap   total 129024K, used 8867K [0x0000000083600000, 0x0000000100000000)
  region size 1024K, 5 young (5120K), 5 survivors (5120K)
 Metaspace       used 12284K, committed 12544K, reserved 1114112K
  class space    used 1721K, committed 1856K, reserved 1048576K
}
Event: 4.314 GC heap before
{Heap before GC invocations=2 (full 0):
 garbage-first heap   total 129024K, used 77475K [0x0000000083600000, 0x0000000100000000)
  region size 1024K, 71 young (72704K), 5 survivors (5120K)
 Metaspace       used 17284K, committed 17536K, reserved 1114112K
  class space    used 2579K, committed 2688K, reserved 1048576K
}
Event: 4.321 GC heap after
{Heap after GC invocations=3 (full 0):
 garbage-first heap   total 129024K, used 14093K [0x0000000083600000, 0x0000000100000000)
  region size 1024K, 3 young (3072K), 3 survivors (3072K)
 Metaspace       used 17284K, committed 17536K, reserved 1114112K
  class space    used 2579K, committed 2688K, reserved 1048576K
}
Event: 4.695 GC heap before
{Heap before GC invocations=3 (full 0):
 garbage-first heap   total 129024K, used 87821K [0x0000000083600000, 0x0000000100000000)
  region size 1024K, 75 young (76800K), 3 survivors (3072K)
 Metaspace       used 18661K, committed 19008K, reserved 1114112K
  class space    used 2827K, committed 3008K, reserved 1048576K
}
Event: 4.699 GC heap after
{Heap after GC invocations=4 (full 0):
 garbage-first heap   total 129024K, used 16207K [0x0000000083600000, 0x0000000100000000)
  region size 1024K, 6 young (6144K), 6 survivors (6144K)
 Metaspace       used 18661K, committed 19008K, reserved 1114112K
  class space    used 2827K, committed 3008K, reserved 1048576K
}
Event: 5.019 GC heap before
{Heap before GC invocations=4 (full 0):
 garbage-first heap   total 129024K, used 86863K [0x0000000083600000, 0x0000000100000000)
  region size 1024K, 75 young (76800K), 6 survivors (6144K)
 Metaspace       used 18926K, committed 19200K, reserved 1114112K
  class space    used 2860K, committed 3008K, reserved 1048576K
}
Event: 5.023 GC heap after
{Heap after GC invocations=5 (full 0):
 garbage-first heap   total 129024K, used 17684K [0x0000000083600000, 0x0000000100000000)
  region size 1024K, 7 young (7168K), 7 survivors (7168K)
 Metaspace       used 18926K, committed 19200K, reserved 1114112K
  class space    used 2860K, committed 3008K, reserved 1048576K
}
Event: 5.095 GC heap before
{Heap before GC invocations=5 (full 0):
 garbage-first heap   total 129024K, used 27924K [0x0000000083600000, 0x0000000100000000)
  region size 1024K, 13 young (13312K), 7 survivors (7168K)
 Metaspace       used 21204K, committed 21504K, reserved 1114112K
  class space    used 2892K, committed 3072K, reserved 1048576K
}
Event: 5.099 GC heap after
{Heap after GC invocations=6 (full 0):
 garbage-first heap   total 129024K, used 21274K [0x0000000083600000, 0x0000000100000000)
  region size 1024K, 5 young (5120K), 5 survivors (5120K)
 Metaspace       used 21204K, committed 21504K, reserved 1114112K
  class space    used 2892K, committed 3072K, reserved 1048576K
}

